-- Configuring done (0.0s)
-- Generating done (0.2s)
-- Build files have been written to: /Users/wgkim/Downloads/understanding-slam-raylib-wasm/build-release
[ 11%] Built target slam-ui-tests
[ 13%] Built target slam-render-tests
[ 19%] Built target slam-audio-tests
[ 25%] Built target slam-asset-paths-tests
[ 33%] Built target slam-motion-tests
[ 43%] Built target slam-core-tests
[ 52%] Built target slam-world-loader-tests
[ 78%] Built target slam-raylib
[ 82%] Built target slam-config-tests
[ 86%] Built target slam-static-server
[100%] Built target slam-diff-trace
Internal ctest changing into directory: /Users/wgkim/Downloads/understanding-slam-raylib-wasm/build-release
Test project /Users/wgkim/Downloads/understanding-slam-raylib-wasm/build-release
    Start 1: slam-core-tests
1/9 Test #1: slam-core-tests ..................   Passed    0.00 sec
    Start 2: slam-motion-tests
2/9 Test #2: slam-motion-tests ................   Passed    0.00 sec
    Start 3: slam-ui-tests
3/9 Test #3: slam-ui-tests ....................   Passed    0.01 sec
    Start 4: slam-render-tests
4/9 Test #4: slam-render-tests ................   Passed    0.01 sec
    Start 5: slam-world-loader-tests
5/9 Test #5: slam-world-loader-tests ..........   Passed    0.03 sec
    Start 6: slam-audio-tests
6/9 Test #6: slam-audio-tests .................   Passed    0.00 sec
    Start 7: slam-asset-paths-tests
7/9 Test #7: slam-asset-paths-tests ...........   Passed    0.00 sec
    Start 8: slam-config-tests
8/9 Test #8: slam-config-tests ................   Passed    0.00 sec
    Start 9: slam-native-e2e
9/9 Test #9: slam-native-e2e ..................   Passed    0.02 sec

100% tests passed, 0 tests failed out of 9

Total Test time (real) =   0.09 sec
